<?xml version="1.0" encoding="UTF-8"?>
<!-- Generated by org.testng.reporters.JUnitXMLReporter -->
<testsuite ignored="0" hostname="DESKTOP-AEABJVP" failures="0" tests="21" name="Default test" time="97.896" errors="0" timestamp="05 May 2023 20:40:52 GMT">
  <testcase classname="NguyenThiHien_2019606119.Test_Function_nopCommerce" name="TC_01_Register_Empty_Data" time="1.245"/>
  <testcase classname="NguyenThiHien_2019606119.Test_Function_nopCommerce" name="TC_02_Register_Invalid_Email" time="2.731"/>
  <testcase classname="NguyenThiHien_2019606119.Test_Function_nopCommerce" name="TC_03_Register_Valid_Information" time="3.142"/>
  <testcase classname="NguyenThiHien_2019606119.Test_Function_nopCommerce" name="TC_04_Register_Email_Already_Exists" time="2.851"/>
  <testcase classname="NguyenThiHien_2019606119.Test_Function_nopCommerce" name="TC_05_Register_Password_Less_Than_6_Chars" time="2.784"/>
  <testcase classname="NguyenThiHien_2019606119.Test_Function_nopCommerce" name="TC_06_Register_Incorrect_Confirm_Password" time="2.836"/>
  <testcase classname="NguyenThiHien_2019606119.Test_Function_nopCommerce" name="TC_07_Login_Empty_Data" time="0.504"/>
  <testcase classname="NguyenThiHien_2019606119.Test_Function_nopCommerce" name="TC_08_Login_Invalid_Email" time="0.639"/>
  <testcase classname="NguyenThiHien_2019606119.Test_Function_nopCommerce" name="TC_09_Login_Email_Unregistered" time="1.002"/>
  <testcase classname="NguyenThiHien_2019606119.Test_Function_nopCommerce" name="TC_10_Login_Email_Registered_Empty_Password" time="0.955"/>
  <testcase classname="NguyenThiHien_2019606119.Test_Function_nopCommerce" name="TC_11_Login_Email_Registered_Incorrect_Password" time="1.067"/>
  <testcase classname="NguyenThiHien_2019606119.Test_Function_nopCommerce" name="TC_12_Login_Email_Registered_Correct_Password" time="1.262"/>
  <testcase classname="NguyenThiHien_2019606119.Test_Function_nopCommerce" name="TC_13_Wishlist_Empty_Data" time="0.423"/>
  <testcase classname="NguyenThiHien_2019606119.Test_Function_nopCommerce" name="TC_14_Add_Product_To_Wishlist" time="3.184"/>
  <testcase classname="NguyenThiHien_2019606119.Test_Function_nopCommerce" name="TC_15_Add_Product_Form_Wishlist_To_Cart" time="1.466"/>
  <testcase classname="NguyenThiHien_2019606119.Test_Function_nopCommerce" name="TC_16_Remove_Product_From_Wishlist" time="1.979"/>
  <testcase classname="NguyenThiHien_2019606119.Test_Function_nopCommerce" name="TC_17_Add_Product_To_Cart" time="1.714"/>
  <testcase classname="NguyenThiHien_2019606119.Test_Function_nopCommerce" name="TC_18_Update_Shopping_Cart" time="0.676"/>
  <testcase classname="NguyenThiHien_2019606119.Test_Function_nopCommerce" name="TC_19_Remove_From_Cart" time="1.023"/>
  <testcase classname="NguyenThiHien_2019606119.Test_Function_nopCommerce" name="TC_20_Order_Payment_Method_By_Cheque" time="9.344"/>
  <testcase classname="NguyenThiHien_2019606119.Test_Function_nopCommerce" name="TC_21_Order_Payment_Method_By_Card" time="52.663"/>
</testsuite> <!-- Default test -->
