<?xml version="1.0" encoding="UTF-8"?>
<testng-results ignored="0" total="2" passed="2" failed="0" skipped="0">
  <reporter-output>
  </reporter-output>
  <suite started-at="2023-03-18T01:33:45Z" name="Default suite" finished-at="2023-03-18T01:33:56Z" duration-ms="10669">
    <groups>
    </groups>
    <test started-at="2023-03-18T01:33:45Z" name="Default test" finished-at="2023-03-18T01:33:56Z" duration-ms="10669">
      <class name="webdriver.Topic_00_Template">
        <test-method is-config="true" signature="beforeClass()[pri:0, instance:webdriver.Topic_00_Template@74e52ef6]" started-at="2023-03-18T01:33:45Z" name="beforeClass" finished-at="2023-03-18T01:33:52Z" duration-ms="6391" status="PASS">
          <reporter-output>
          </reporter-output>
        </test-method> <!-- beforeClass -->
        <test-method signature="TC_01()[pri:0, instance:webdriver.Topic_00_Template@74e52ef6]" started-at="2023-03-18T01:33:52Z" name="TC_01" finished-at="2023-03-18T01:33:55Z" duration-ms="3533" status="PASS">
          <reporter-output>
          </reporter-output>
        </test-method> <!-- TC_01 -->
        <test-method signature="TC_02()[pri:0, instance:webdriver.Topic_00_Template@74e52ef6]" started-at="2023-03-18T01:33:55Z" name="TC_02" finished-at="2023-03-18T01:33:55Z" duration-ms="5" status="PASS">
          <reporter-output>
          </reporter-output>
        </test-method> <!-- TC_02 -->
        <test-method is-config="true" signature="afterClass()[pri:0, instance:webdriver.Topic_00_Template@74e52ef6]" started-at="2023-03-18T01:33:55Z" name="afterClass" finished-at="2023-03-18T01:33:56Z" duration-ms="708" status="PASS">
          <reporter-output>
          </reporter-output>
        </test-method> <!-- afterClass -->
      </class> <!-- webdriver.Topic_00_Template -->
    </test> <!-- Default test -->
  </suite> <!-- Default suite -->
</testng-results>
