<?xml version="1.0" encoding="UTF-8"?>
<testng-results ignored="0" total="21" passed="21" failed="0" skipped="0">
  <reporter-output>
  </reporter-output>
  <suite started-at="2023-05-05T20:39:15Z" name="Default suite" finished-at="2023-05-05T20:40:52Z" duration-ms="97896">
    <groups>
    </groups>
    <test started-at="2023-05-05T20:39:15Z" name="Default test" finished-at="2023-05-05T20:40:52Z" duration-ms="97896">
      <class name="NguyenThiHien_2019606119.Test_Function_nopCommerce">
        <test-method is-config="true" signature="beforeClass()[pri:0, instance:NguyenThiHien_2019606119.Test_Function_nopCommerce@69453e37]" started-at="2023-05-05T20:39:15Z" name="beforeClass" finished-at="2023-05-05T20:39:18Z" duration-ms="3648" status="PASS">
          <reporter-output>
          </reporter-output>
        </test-method> <!-- beforeClass -->
        <test-method signature="TC_01_Register_Empty_Data()[pri:0, instance:NguyenThiHien_2019606119.Test_Function_nopCommerce@69453e37]" started-at="2023-05-05T20:39:18Z" name="TC_01_Register_Empty_Data" finished-at="2023-05-05T20:39:19Z" duration-ms="1245" status="PASS">
          <reporter-output>
          </reporter-output>
        </test-method> <!-- TC_01_Register_Empty_Data -->
        <test-method signature="TC_02_Register_Invalid_Email()[pri:0, instance:NguyenThiHien_2019606119.Test_Function_nopCommerce@69453e37]" started-at="2023-05-05T20:39:19Z" name="TC_02_Register_Invalid_Email" finished-at="2023-05-05T20:39:22Z" duration-ms="2731" status="PASS">
          <reporter-output>
          </reporter-output>
        </test-method> <!-- TC_02_Register_Invalid_Email -->
        <test-method signature="TC_03_Register_Valid_Information()[pri:0, instance:NguyenThiHien_2019606119.Test_Function_nopCommerce@69453e37]" started-at="2023-05-05T20:39:22Z" name="TC_03_Register_Valid_Information" finished-at="2023-05-05T20:39:25Z" duration-ms="3142" status="PASS">
          <reporter-output>
          </reporter-output>
        </test-method> <!-- TC_03_Register_Valid_Information -->
        <test-method signature="TC_04_Register_Email_Already_Exists()[pri:0, instance:NguyenThiHien_2019606119.Test_Function_nopCommerce@69453e37]" started-at="2023-05-05T20:39:25Z" name="TC_04_Register_Email_Already_Exists" finished-at="2023-05-05T20:39:28Z" duration-ms="2851" status="PASS">
          <reporter-output>
          </reporter-output>
        </test-method> <!-- TC_04_Register_Email_Already_Exists -->
        <test-method signature="TC_05_Register_Password_Less_Than_6_Chars()[pri:0, instance:NguyenThiHien_2019606119.Test_Function_nopCommerce@69453e37]" started-at="2023-05-05T20:39:28Z" name="TC_05_Register_Password_Less_Than_6_Chars" finished-at="2023-05-05T20:39:31Z" duration-ms="2784" status="PASS">
          <reporter-output>
          </reporter-output>
        </test-method> <!-- TC_05_Register_Password_Less_Than_6_Chars -->
        <test-method signature="TC_06_Register_Incorrect_Confirm_Password()[pri:0, instance:NguyenThiHien_2019606119.Test_Function_nopCommerce@69453e37]" started-at="2023-05-05T20:39:31Z" name="TC_06_Register_Incorrect_Confirm_Password" finished-at="2023-05-05T20:39:34Z" duration-ms="2836" status="PASS">
          <reporter-output>
          </reporter-output>
        </test-method> <!-- TC_06_Register_Incorrect_Confirm_Password -->
        <test-method signature="TC_07_Login_Empty_Data()[pri:0, instance:NguyenThiHien_2019606119.Test_Function_nopCommerce@69453e37]" started-at="2023-05-05T20:39:34Z" name="TC_07_Login_Empty_Data" finished-at="2023-05-05T20:39:34Z" duration-ms="504" status="PASS">
          <reporter-output>
          </reporter-output>
        </test-method> <!-- TC_07_Login_Empty_Data -->
        <test-method signature="TC_08_Login_Invalid_Email()[pri:0, instance:NguyenThiHien_2019606119.Test_Function_nopCommerce@69453e37]" started-at="2023-05-05T20:39:34Z" name="TC_08_Login_Invalid_Email" finished-at="2023-05-05T20:39:35Z" duration-ms="639" status="PASS">
          <reporter-output>
          </reporter-output>
        </test-method> <!-- TC_08_Login_Invalid_Email -->
        <test-method signature="TC_09_Login_Email_Unregistered()[pri:0, instance:NguyenThiHien_2019606119.Test_Function_nopCommerce@69453e37]" started-at="2023-05-05T20:39:35Z" name="TC_09_Login_Email_Unregistered" finished-at="2023-05-05T20:39:36Z" duration-ms="1002" status="PASS">
          <reporter-output>
          </reporter-output>
        </test-method> <!-- TC_09_Login_Email_Unregistered -->
        <test-method signature="TC_10_Login_Email_Registered_Empty_Password()[pri:0, instance:NguyenThiHien_2019606119.Test_Function_nopCommerce@69453e37]" started-at="2023-05-05T20:39:36Z" name="TC_10_Login_Email_Registered_Empty_Password" finished-at="2023-05-05T20:39:37Z" duration-ms="955" status="PASS">
          <reporter-output>
          </reporter-output>
        </test-method> <!-- TC_10_Login_Email_Registered_Empty_Password -->
        <test-method signature="TC_11_Login_Email_Registered_Incorrect_Password()[pri:0, instance:NguyenThiHien_2019606119.Test_Function_nopCommerce@69453e37]" started-at="2023-05-05T20:39:37Z" name="TC_11_Login_Email_Registered_Incorrect_Password" finished-at="2023-05-05T20:39:38Z" duration-ms="1067" status="PASS">
          <reporter-output>
          </reporter-output>
        </test-method> <!-- TC_11_Login_Email_Registered_Incorrect_Password -->
        <test-method signature="TC_12_Login_Email_Registered_Correct_Password()[pri:0, instance:NguyenThiHien_2019606119.Test_Function_nopCommerce@69453e37]" started-at="2023-05-05T20:39:38Z" name="TC_12_Login_Email_Registered_Correct_Password" finished-at="2023-05-05T20:39:39Z" duration-ms="1262" status="PASS">
          <reporter-output>
          </reporter-output>
        </test-method> <!-- TC_12_Login_Email_Registered_Correct_Password -->
        <test-method signature="TC_13_Wishlist_Empty_Data()[pri:0, instance:NguyenThiHien_2019606119.Test_Function_nopCommerce@69453e37]" started-at="2023-05-05T20:39:39Z" name="TC_13_Wishlist_Empty_Data" finished-at="2023-05-05T20:39:40Z" duration-ms="423" status="PASS">
          <reporter-output>
          </reporter-output>
        </test-method> <!-- TC_13_Wishlist_Empty_Data -->
        <test-method signature="TC_14_Add_Product_To_Wishlist()[pri:0, instance:NguyenThiHien_2019606119.Test_Function_nopCommerce@69453e37]" started-at="2023-05-05T20:39:40Z" name="TC_14_Add_Product_To_Wishlist" finished-at="2023-05-05T20:39:43Z" duration-ms="3184" status="PASS">
          <reporter-output>
          </reporter-output>
        </test-method> <!-- TC_14_Add_Product_To_Wishlist -->
        <test-method signature="TC_15_Add_Product_Form_Wishlist_To_Cart()[pri:0, instance:NguyenThiHien_2019606119.Test_Function_nopCommerce@69453e37]" started-at="2023-05-05T20:39:43Z" name="TC_15_Add_Product_Form_Wishlist_To_Cart" finished-at="2023-05-05T20:39:44Z" duration-ms="1466" status="PASS">
          <reporter-output>
          </reporter-output>
        </test-method> <!-- TC_15_Add_Product_Form_Wishlist_To_Cart -->
        <test-method signature="TC_16_Remove_Product_From_Wishlist()[pri:0, instance:NguyenThiHien_2019606119.Test_Function_nopCommerce@69453e37]" started-at="2023-05-05T20:39:44Z" name="TC_16_Remove_Product_From_Wishlist" finished-at="2023-05-05T20:39:46Z" duration-ms="1979" status="PASS">
          <reporter-output>
          </reporter-output>
        </test-method> <!-- TC_16_Remove_Product_From_Wishlist -->
        <test-method signature="TC_17_Add_Product_To_Cart()[pri:0, instance:NguyenThiHien_2019606119.Test_Function_nopCommerce@69453e37]" started-at="2023-05-05T20:39:46Z" name="TC_17_Add_Product_To_Cart" finished-at="2023-05-05T20:39:48Z" duration-ms="1714" status="PASS">
          <reporter-output>
          </reporter-output>
        </test-method> <!-- TC_17_Add_Product_To_Cart -->
        <test-method signature="TC_18_Update_Shopping_Cart()[pri:0, instance:NguyenThiHien_2019606119.Test_Function_nopCommerce@69453e37]" started-at="2023-05-05T20:39:48Z" name="TC_18_Update_Shopping_Cart" finished-at="2023-05-05T20:39:49Z" duration-ms="676" status="PASS">
          <reporter-output>
          </reporter-output>
        </test-method> <!-- TC_18_Update_Shopping_Cart -->
        <test-method signature="TC_19_Remove_From_Cart()[pri:0, instance:NguyenThiHien_2019606119.Test_Function_nopCommerce@69453e37]" started-at="2023-05-05T20:39:49Z" name="TC_19_Remove_From_Cart" finished-at="2023-05-05T20:39:50Z" duration-ms="1023" status="PASS">
          <reporter-output>
          </reporter-output>
        </test-method> <!-- TC_19_Remove_From_Cart -->
        <test-method signature="TC_20_Order_Payment_Method_By_Cheque()[pri:0, instance:NguyenThiHien_2019606119.Test_Function_nopCommerce@69453e37]" started-at="2023-05-05T20:39:50Z" name="TC_20_Order_Payment_Method_By_Cheque" finished-at="2023-05-05T20:39:59Z" duration-ms="9344" status="PASS">
          <reporter-output>
          </reporter-output>
        </test-method> <!-- TC_20_Order_Payment_Method_By_Cheque -->
        <test-method signature="TC_21_Order_Payment_Method_By_Card()[pri:0, instance:NguyenThiHien_2019606119.Test_Function_nopCommerce@69453e37]" started-at="2023-05-05T20:39:59Z" name="TC_21_Order_Payment_Method_By_Card" finished-at="2023-05-05T20:40:52Z" duration-ms="52663" status="PASS">
          <reporter-output>
          </reporter-output>
        </test-method> <!-- TC_21_Order_Payment_Method_By_Card -->
        <test-method is-config="true" signature="afterClass()[pri:0, instance:NguyenThiHien_2019606119.Test_Function_nopCommerce@69453e37]" started-at="2023-05-05T20:40:52Z" name="afterClass" finished-at="2023-05-05T20:40:52Z" duration-ms="723" status="PASS">
          <reporter-output>
          </reporter-output>
        </test-method> <!-- afterClass -->
      </class> <!-- NguyenThiHien_2019606119.Test_Function_nopCommerce -->
    </test> <!-- Default test -->
  </suite> <!-- Default suite -->
</testng-results>
